{"/Users/josepedrosilva/Universidade 23-24/2º Semestre/ProjetoTPW/models/question.js": {"path":"/Users/josepedrosilva/Universidade 23-24/2º Semestre/ProjetoTPW/models/question.js","statementMap":{"0":{"start":{"line":2,"column":7},"end":{"line":2,"column":9}},"1":{"start":{"line":3,"column":9},"end":{"line":3,"column":11}},"2":{"start":{"line":4,"column":10},"end":{"line":4,"column":12}},"3":{"start":{"line":5,"column":12},"end":{"line":5,"column":14}},"4":{"start":{"line":6,"column":13},"end":{"line":6,"column":15}},"5":{"start":{"line":7,"column":11},"end":{"line":7,"column":12}},"6":{"start":{"line":10,"column":4},"end":{"line":10,"column":17}},"7":{"start":{"line":11,"column":4},"end":{"line":11,"column":21}},"8":{"start":{"line":12,"column":4},"end":{"line":12,"column":23}},"9":{"start":{"line":13,"column":4},"end":{"line":13,"column":27}},"10":{"start":{"line":14,"column":4},"end":{"line":14,"column":29}},"11":{"start":{"line":15,"column":4},"end":{"line":15,"column":25}},"12":{"start":{"line":19,"column":26},"end":{"line":19,"column":28}},"13":{"start":{"line":22,"column":2},"end":{"line":324,"column":8}},"14":{"start":{"line":326,"column":2},"end":{"line":326,"column":69}},"15":{"start":{"line":330,"column":2},"end":{"line":335,"column":3}},"16":{"start":{"line":330,"column":38},"end":{"line":330,"column":62}},"17":{"start":{"line":331,"column":4},"end":{"line":331,"column":64}},"18":{"start":{"line":333,"column":4},"end":{"line":333,"column":72}},"19":{"start":{"line":334,"column":4},"end":{"line":334,"column":60}},"20":{"start":{"line":340,"column":25},"end":{"line":340,"column":62}},"21":{"start":{"line":341,"column":22},"end":{"line":341,"column":72}},"22":{"start":{"line":343,"column":2},"end":{"line":345,"column":3}},"23":{"start":{"line":344,"column":4},"end":{"line":344,"column":49}},"24":{"start":{"line":347,"column":2},"end":{"line":351,"column":3}},"25":{"start":{"line":348,"column":4},"end":{"line":348,"column":27}},"26":{"start":{"line":350,"column":4},"end":{"line":350,"column":33}},"27":{"start":{"line":355,"column":2},"end":{"line":355,"column":21}}},"fnMap":{"0":{"name":"(anonymous_0)","decl":{"start":{"line":9,"column":2},"end":{"line":9,"column":3}},"loc":{"start":{"line":9,"column":62},"end":{"line":16,"column":3}},"line":9},"1":{"name":"init","decl":{"start":{"line":21,"column":16},"end":{"line":21,"column":20}},"loc":{"start":{"line":21,"column":23},"end":{"line":327,"column":1}},"line":21},"2":{"name":"addQuestion","decl":{"start":{"line":329,"column":16},"end":{"line":329,"column":27}},"loc":{"start":{"line":329,"column":64},"end":{"line":336,"column":1}},"line":329},"3":{"name":"(anonymous_3)","decl":{"start":{"line":330,"column":24},"end":{"line":330,"column":25}},"loc":{"start":{"line":330,"column":38},"end":{"line":330,"column":62}},"line":330},"4":{"name":"checkAnswer","decl":{"start":{"line":339,"column":16},"end":{"line":339,"column":27}},"loc":{"start":{"line":339,"column":37},"end":{"line":352,"column":1}},"line":339},"5":{"name":"exportQuestions","decl":{"start":{"line":354,"column":16},"end":{"line":354,"column":31}},"loc":{"start":{"line":354,"column":33},"end":{"line":356,"column":1}},"line":354}},"branchMap":{"0":{"loc":{"start":{"line":9,"column":50},"end":{"line":9,"column":60}},"type":"default-arg","locations":[{"start":{"line":9,"column":59},"end":{"line":9,"column":60}}],"line":9},"1":{"loc":{"start":{"line":22,"column":17},"end":{"line":324,"column":7}},"type":"cond-expr","locations":[{"start":{"line":23,"column":6},"end":{"line":23,"column":43}},{"start":{"line":24,"column":6},"end":{"line":324,"column":7}}],"line":22},"2":{"loc":{"start":{"line":330,"column":2},"end":{"line":335,"column":3}},"type":"if","locations":[{"start":{"line":330,"column":2},"end":{"line":335,"column":3}},{"start":{"line":332,"column":9},"end":{"line":335,"column":3}}],"line":330},"3":{"loc":{"start":{"line":343,"column":2},"end":{"line":345,"column":3}},"type":"if","locations":[{"start":{"line":343,"column":2},"end":{"line":345,"column":3}},{"start":{},"end":{}}],"line":343},"4":{"loc":{"start":{"line":347,"column":2},"end":{"line":351,"column":3}},"type":"if","locations":[{"start":{"line":347,"column":2},"end":{"line":351,"column":3}},{"start":{"line":349,"column":9},"end":{"line":351,"column":3}}],"line":347}},"s":{"0":0,"1":0,"2":0,"3":0,"4":0,"5":0,"6":0,"7":0,"8":0,"9":0,"10":0,"11":0,"12":2,"13":2,"14":2,"15":0,"16":0,"17":0,"18":0,"19":0,"20":0,"21":0,"22":0,"23":0,"24":0,"25":0,"26":0,"27":0},"f":{"0":0,"1":2,"2":0,"3":0,"4":0,"5":0},"b":{"0":[0],"1":[0,2],"2":[0,0],"3":[0,0],"4":[0,0]},"_coverageSchema":"1a1c01bbd47fc00a2c39e90264f33305004495a9","hash":"da82926d6dc214452feafb96d09b678db2830ab1"}
,"/Users/josepedrosilva/Universidade 23-24/2º Semestre/ProjetoTPW/models/room.js": {"path":"/Users/josepedrosilva/Universidade 23-24/2º Semestre/ProjetoTPW/models/room.js","statementMap":{"0":{"start":{"line":4,"column":0},"end":{"line":4,"column":16}},"1":{"start":{"line":6,"column":7},"end":{"line":6,"column":8}},"2":{"start":{"line":7,"column":9},"end":{"line":7,"column":11}},"3":{"start":{"line":8,"column":16},"end":{"line":8,"column":18}},"4":{"start":{"line":9,"column":10},"end":{"line":9,"column":12}},"5":{"start":{"line":10,"column":9},"end":{"line":10,"column":11}},"6":{"start":{"line":11,"column":11},"end":{"line":11,"column":13}},"7":{"start":{"line":14,"column":4},"end":{"line":14,"column":17}},"8":{"start":{"line":15,"column":4},"end":{"line":15,"column":21}},"9":{"start":{"line":16,"column":4},"end":{"line":16,"column":35}},"10":{"start":{"line":17,"column":4},"end":{"line":17,"column":23}},"11":{"start":{"line":18,"column":4},"end":{"line":18,"column":47}},"12":{"start":{"line":24,"column":4},"end":{"line":24,"column":28}},"13":{"start":{"line":28,"column":18},"end":{"line":28,"column":67}},"14":{"start":{"line":28,"column":46},"end":{"line":28,"column":66}},"15":{"start":{"line":30,"column":4},"end":{"line":34,"column":5}},"16":{"start":{"line":31,"column":6},"end":{"line":31,"column":41}},"17":{"start":{"line":33,"column":6},"end":{"line":33,"column":73}},"18":{"start":{"line":38,"column":4},"end":{"line":43,"column":5}},"19":{"start":{"line":39,"column":6},"end":{"line":42,"column":7}},"20":{"start":{"line":40,"column":8},"end":{"line":40,"column":37}},"21":{"start":{"line":41,"column":8},"end":{"line":41,"column":15}},"22":{"start":{"line":44,"column":4},"end":{"line":44,"column":48}},"23":{"start":{"line":52,"column":2},"end":{"line":157,"column":8}},"24":{"start":{"line":159,"column":2},"end":{"line":159,"column":59}},"25":{"start":{"line":163,"column":2},"end":{"line":170,"column":3}},"26":{"start":{"line":163,"column":29},"end":{"line":163,"column":47}},"27":{"start":{"line":164,"column":4},"end":{"line":164,"column":48}},"28":{"start":{"line":166,"column":18},"end":{"line":166,"column":36}},"29":{"start":{"line":167,"column":20},"end":{"line":167,"column":61}},"30":{"start":{"line":168,"column":4},"end":{"line":168,"column":26}},"31":{"start":{"line":169,"column":4},"end":{"line":169,"column":51}},"32":{"start":{"line":174,"column":19},"end":{"line":174,"column":66}},"33":{"start":{"line":174,"column":47},"end":{"line":174,"column":65}},"34":{"start":{"line":175,"column":2},"end":{"line":180,"column":3}},"35":{"start":{"line":176,"column":4},"end":{"line":176,"column":32}},"36":{"start":{"line":177,"column":4},"end":{"line":177,"column":61}},"37":{"start":{"line":179,"column":4},"end":{"line":179,"column":66}},"38":{"start":{"line":184,"column":2},"end":{"line":184,"column":23}},"39":{"start":{"line":185,"column":2},"end":{"line":185,"column":17}}},"fnMap":{"0":{"name":"(anonymous_0)","decl":{"start":{"line":13,"column":2},"end":{"line":13,"column":3}},"loc":{"start":{"line":13,"column":58},"end":{"line":19,"column":3}},"line":13},"1":{"name":"(anonymous_1)","decl":{"start":{"line":23,"column":2},"end":{"line":23,"column":3}},"loc":{"start":{"line":23,"column":18},"end":{"line":25,"column":3}},"line":23},"2":{"name":"(anonymous_2)","decl":{"start":{"line":27,"column":2},"end":{"line":27,"column":3}},"loc":{"start":{"line":27,"column":35},"end":{"line":35,"column":3}},"line":27},"3":{"name":"(anonymous_3)","decl":{"start":{"line":28,"column":35},"end":{"line":28,"column":36}},"loc":{"start":{"line":28,"column":46},"end":{"line":28,"column":66}},"line":28},"4":{"name":"(anonymous_4)","decl":{"start":{"line":37,"column":2},"end":{"line":37,"column":3}},"loc":{"start":{"line":37,"column":25},"end":{"line":45,"column":3}},"line":37},"5":{"name":"init","decl":{"start":{"line":51,"column":16},"end":{"line":51,"column":20}},"loc":{"start":{"line":51,"column":23},"end":{"line":160,"column":1}},"line":51},"6":{"name":"addRoom","decl":{"start":{"line":162,"column":16},"end":{"line":162,"column":23}},"loc":{"start":{"line":162,"column":50},"end":{"line":171,"column":1}},"line":162},"7":{"name":"(anonymous_7)","decl":{"start":{"line":163,"column":19},"end":{"line":163,"column":20}},"loc":{"start":{"line":163,"column":29},"end":{"line":163,"column":47}},"line":163},"8":{"name":"deleteRoom","decl":{"start":{"line":173,"column":16},"end":{"line":173,"column":26}},"loc":{"start":{"line":173,"column":35},"end":{"line":181,"column":1}},"line":173},"9":{"name":"(anonymous_9)","decl":{"start":{"line":174,"column":37},"end":{"line":174,"column":38}},"loc":{"start":{"line":174,"column":47},"end":{"line":174,"column":65}},"line":174},"10":{"name":"exportRooms","decl":{"start":{"line":183,"column":16},"end":{"line":183,"column":27}},"loc":{"start":{"line":183,"column":30},"end":{"line":186,"column":1}},"line":183}},"branchMap":{"0":{"loc":{"start":{"line":30,"column":4},"end":{"line":34,"column":5}},"type":"if","locations":[{"start":{"line":30,"column":4},"end":{"line":34,"column":5}},{"start":{"line":32,"column":11},"end":{"line":34,"column":5}}],"line":30},"1":{"loc":{"start":{"line":39,"column":6},"end":{"line":42,"column":7}},"type":"if","locations":[{"start":{"line":39,"column":6},"end":{"line":42,"column":7}},{"start":{},"end":{}}],"line":39},"2":{"loc":{"start":{"line":52,"column":12},"end":{"line":157,"column":7}},"type":"cond-expr","locations":[{"start":{"line":53,"column":6},"end":{"line":53,"column":38}},{"start":{"line":54,"column":6},"end":{"line":157,"column":7}}],"line":52},"3":{"loc":{"start":{"line":163,"column":2},"end":{"line":170,"column":3}},"type":"if","locations":[{"start":{"line":163,"column":2},"end":{"line":170,"column":3}},{"start":{"line":165,"column":9},"end":{"line":170,"column":3}}],"line":163},"4":{"loc":{"start":{"line":175,"column":2},"end":{"line":180,"column":3}},"type":"if","locations":[{"start":{"line":175,"column":2},"end":{"line":180,"column":3}},{"start":{"line":178,"column":9},"end":{"line":180,"column":3}}],"line":175}},"s":{"0":2,"1":0,"2":0,"3":0,"4":0,"5":0,"6":0,"7":0,"8":0,"9":0,"10":0,"11":0,"12":0,"13":0,"14":0,"15":0,"16":0,"17":0,"18":0,"19":0,"20":0,"21":0,"22":0,"23":2,"24":2,"25":0,"26":0,"27":0,"28":0,"29":0,"30":0,"31":0,"32":0,"33":0,"34":0,"35":0,"36":0,"37":0,"38":0,"39":0},"f":{"0":0,"1":0,"2":0,"3":0,"4":0,"5":2,"6":0,"7":0,"8":0,"9":0,"10":0},"b":{"0":[0,0],"1":[0,0],"2":[0,2],"3":[0,0],"4":[0,0]},"_coverageSchema":"1a1c01bbd47fc00a2c39e90264f33305004495a9","hash":"6b5a8a583be65cae897e08cdc97f9ebb75aaeac5"}
,"/Users/josepedrosilva/Universidade 23-24/2º Semestre/ProjetoTPW/models/user.js": {"path":"/Users/josepedrosilva/Universidade 23-24/2º Semestre/ProjetoTPW/models/user.js","statementMap":{"0":{"start":{"line":3,"column":7},"end":{"line":3,"column":8}},"1":{"start":{"line":4,"column":9},"end":{"line":4,"column":11}},"2":{"start":{"line":5,"column":10},"end":{"line":5,"column":12}},"3":{"start":{"line":6,"column":16},"end":{"line":6,"column":18}},"4":{"start":{"line":7,"column":11},"end":{"line":7,"column":13}},"5":{"start":{"line":8,"column":13},"end":{"line":8,"column":15}},"6":{"start":{"line":9,"column":9},"end":{"line":9,"column":11}},"7":{"start":{"line":10,"column":11},"end":{"line":10,"column":13}},"8":{"start":{"line":11,"column":14},"end":{"line":11,"column":21}},"9":{"start":{"line":12,"column":10},"end":{"line":12,"column":12}},"10":{"start":{"line":13,"column":10},"end":{"line":13,"column":11}},"11":{"start":{"line":16,"column":4},"end":{"line":16,"column":17}},"12":{"start":{"line":17,"column":4},"end":{"line":17,"column":21}},"13":{"start":{"line":18,"column":4},"end":{"line":18,"column":23}},"14":{"start":{"line":19,"column":4},"end":{"line":19,"column":35}},"15":{"start":{"line":20,"column":4},"end":{"line":20,"column":25}},"16":{"start":{"line":21,"column":4},"end":{"line":21,"column":29}},"17":{"start":{"line":22,"column":4},"end":{"line":22,"column":21}},"18":{"start":{"line":23,"column":4},"end":{"line":24,"column":87}},"19":{"start":{"line":25,"column":4},"end":{"line":25,"column":24}},"20":{"start":{"line":26,"column":4},"end":{"line":26,"column":20}},"21":{"start":{"line":27,"column":4},"end":{"line":27,"column":19}},"22":{"start":{"line":32,"column":4},"end":{"line":32,"column":26}},"23":{"start":{"line":36,"column":4},"end":{"line":36,"column":25}},"24":{"start":{"line":40,"column":4},"end":{"line":40,"column":35}},"25":{"start":{"line":44,"column":4},"end":{"line":44,"column":33}},"26":{"start":{"line":48,"column":4},"end":{"line":48,"column":32}},"27":{"start":{"line":53,"column":21},"end":{"line":53,"column":23}},"28":{"start":{"line":57,"column":2},"end":{"line":151,"column":8}},"29":{"start":{"line":153,"column":2},"end":{"line":153,"column":59}},"30":{"start":{"line":154,"column":2},"end":{"line":154,"column":50}},"31":{"start":{"line":159,"column":2},"end":{"line":159,"column":26}},"32":{"start":{"line":160,"column":2},"end":{"line":160,"column":12}},"33":{"start":{"line":173,"column":2},"end":{"line":175,"column":3}},"34":{"start":{"line":174,"column":4},"end":{"line":174,"column":18}},"35":{"start":{"line":176,"column":2},"end":{"line":178,"column":4}},"36":{"start":{"line":179,"column":2},"end":{"line":179,"column":49}},"37":{"start":{"line":184,"column":17},"end":{"line":186,"column":3}},"38":{"start":{"line":185,"column":18},"end":{"line":185,"column":76}},"39":{"start":{"line":187,"column":2},"end":{"line":190,"column":3}},"40":{"start":{"line":188,"column":4},"end":{"line":188,"column":60}},"41":{"start":{"line":189,"column":4},"end":{"line":189,"column":16}},"42":{"start":{"line":191,"column":2},"end":{"line":191,"column":15}},"43":{"start":{"line":196,"column":2},"end":{"line":196,"column":45}},"44":{"start":{"line":200,"column":19},"end":{"line":200,"column":66}},"45":{"start":{"line":200,"column":47},"end":{"line":200,"column":65}},"46":{"start":{"line":201,"column":2},"end":{"line":206,"column":3}},"47":{"start":{"line":202,"column":4},"end":{"line":202,"column":32}},"48":{"start":{"line":203,"column":4},"end":{"line":203,"column":51}},"49":{"start":{"line":205,"column":4},"end":{"line":205,"column":64}},"50":{"start":{"line":211,"column":22},"end":{"line":211,"column":32}},"51":{"start":{"line":212,"column":20},"end":{"line":212,"column":41}},"52":{"start":{"line":214,"column":12},"end":{"line":214,"column":63}},"53":{"start":{"line":216,"column":23},"end":{"line":216,"column":45}},"54":{"start":{"line":217,"column":21},"end":{"line":217,"column":41}},"55":{"start":{"line":218,"column":21},"end":{"line":218,"column":42}},"56":{"start":{"line":219,"column":19},"end":{"line":219,"column":38}},"57":{"start":{"line":221,"column":2},"end":{"line":226,"column":3}},"58":{"start":{"line":225,"column":4},"end":{"line":225,"column":10}},"59":{"start":{"line":228,"column":2},"end":{"line":228,"column":13}},"60":{"start":{"line":233,"column":2},"end":{"line":233,"column":53}},"61":{"start":{"line":238,"column":2},"end":{"line":238,"column":50}},"62":{"start":{"line":242,"column":2},"end":{"line":242,"column":17}}},"fnMap":{"0":{"name":"(anonymous_0)","decl":{"start":{"line":15,"column":2},"end":{"line":15,"column":3}},"loc":{"start":{"line":15,"column":67},"end":{"line":28,"column":3}},"line":15},"1":{"name":"(anonymous_1)","decl":{"start":{"line":31,"column":2},"end":{"line":31,"column":3}},"loc":{"start":{"line":31,"column":16},"end":{"line":33,"column":3}},"line":31},"2":{"name":"(anonymous_2)","decl":{"start":{"line":35,"column":2},"end":{"line":35,"column":3}},"loc":{"start":{"line":35,"column":19},"end":{"line":37,"column":3}},"line":35},"3":{"name":"(anonymous_3)","decl":{"start":{"line":39,"column":2},"end":{"line":39,"column":3}},"loc":{"start":{"line":39,"column":25},"end":{"line":41,"column":3}},"line":39},"4":{"name":"(anonymous_4)","decl":{"start":{"line":43,"column":2},"end":{"line":43,"column":3}},"loc":{"start":{"line":43,"column":27},"end":{"line":45,"column":3}},"line":43},"5":{"name":"(anonymous_5)","decl":{"start":{"line":47,"column":2},"end":{"line":47,"column":3}},"loc":{"start":{"line":47,"column":27},"end":{"line":49,"column":3}},"line":47},"6":{"name":"init","decl":{"start":{"line":56,"column":16},"end":{"line":56,"column":20}},"loc":{"start":{"line":56,"column":23},"end":{"line":155,"column":1}},"line":56},"7":{"name":"generateId","decl":{"start":{"line":158,"column":16},"end":{"line":158,"column":26}},"loc":{"start":{"line":158,"column":31},"end":{"line":161,"column":1}},"line":158},"8":{"name":"createUser","decl":{"start":{"line":163,"column":16},"end":{"line":163,"column":26}},"loc":{"start":{"line":171,"column":2},"end":{"line":180,"column":1}},"line":171},"9":{"name":"login","decl":{"start":{"line":183,"column":16},"end":{"line":183,"column":21}},"loc":{"start":{"line":183,"column":39},"end":{"line":192,"column":1}},"line":183},"10":{"name":"(anonymous_10)","decl":{"start":{"line":185,"column":4},"end":{"line":185,"column":5}},"loc":{"start":{"line":185,"column":18},"end":{"line":185,"column":76}},"line":185},"11":{"name":"logout","decl":{"start":{"line":195,"column":16},"end":{"line":195,"column":22}},"loc":{"start":{"line":195,"column":25},"end":{"line":197,"column":1}},"line":195},"12":{"name":"deleteUser","decl":{"start":{"line":199,"column":16},"end":{"line":199,"column":26}},"loc":{"start":{"line":199,"column":33},"end":{"line":207,"column":1}},"line":199},"13":{"name":"(anonymous_13)","decl":{"start":{"line":200,"column":37},"end":{"line":200,"column":38}},"loc":{"start":{"line":200,"column":47},"end":{"line":200,"column":65}},"line":200},"14":{"name":"getAge","decl":{"start":{"line":210,"column":16},"end":{"line":210,"column":22}},"loc":{"start":{"line":210,"column":36},"end":{"line":229,"column":1}},"line":210},"15":{"name":"inSession","decl":{"start":{"line":232,"column":16},"end":{"line":232,"column":25}},"loc":{"start":{"line":232,"column":28},"end":{"line":234,"column":1}},"line":232},"16":{"name":"userAuth","decl":{"start":{"line":237,"column":16},"end":{"line":237,"column":24}},"loc":{"start":{"line":237,"column":27},"end":{"line":239,"column":1}},"line":237},"17":{"name":"exportAllUsers","decl":{"start":{"line":241,"column":16},"end":{"line":241,"column":30}},"loc":{"start":{"line":241,"column":33},"end":{"line":243,"column":1}},"line":241}},"branchMap":{"0":{"loc":{"start":{"line":57,"column":12},"end":{"line":151,"column":7}},"type":"cond-expr","locations":[{"start":{"line":58,"column":6},"end":{"line":58,"column":38}},{"start":{"line":59,"column":6},"end":{"line":151,"column":7}}],"line":57},"1":{"loc":{"start":{"line":170,"column":2},"end":{"line":170,"column":15}},"type":"default-arg","locations":[{"start":{"line":170,"column":9},"end":{"line":170,"column":15}}],"line":170},"2":{"loc":{"start":{"line":173,"column":2},"end":{"line":175,"column":3}},"type":"if","locations":[{"start":{"line":173,"column":2},"end":{"line":175,"column":3}},{"start":{},"end":{}}],"line":173},"3":{"loc":{"start":{"line":185,"column":18},"end":{"line":185,"column":76}},"type":"binary-expr","locations":[{"start":{"line":185,"column":18},"end":{"line":185,"column":42}},{"start":{"line":185,"column":46},"end":{"line":185,"column":76}}],"line":185},"4":{"loc":{"start":{"line":187,"column":2},"end":{"line":190,"column":3}},"type":"if","locations":[{"start":{"line":187,"column":2},"end":{"line":190,"column":3}},{"start":{},"end":{}}],"line":187},"5":{"loc":{"start":{"line":201,"column":2},"end":{"line":206,"column":3}},"type":"if","locations":[{"start":{"line":201,"column":2},"end":{"line":206,"column":3}},{"start":{"line":204,"column":9},"end":{"line":206,"column":3}}],"line":201},"6":{"loc":{"start":{"line":221,"column":2},"end":{"line":226,"column":3}},"type":"if","locations":[{"start":{"line":221,"column":2},"end":{"line":226,"column":3}},{"start":{},"end":{}}],"line":221},"7":{"loc":{"start":{"line":222,"column":4},"end":{"line":223,"column":58}},"type":"binary-expr","locations":[{"start":{"line":222,"column":4},"end":{"line":222,"column":29}},{"start":{"line":223,"column":5},"end":{"line":223,"column":32}},{"start":{"line":223,"column":36},"end":{"line":223,"column":57}}],"line":222},"8":{"loc":{"start":{"line":233,"column":9},"end":{"line":233,"column":52}},"type":"cond-expr","locations":[{"start":{"line":233,"column":40},"end":{"line":233,"column":44}},{"start":{"line":233,"column":47},"end":{"line":233,"column":52}}],"line":233}},"s":{"0":1,"1":1,"2":1,"3":1,"4":1,"5":1,"6":1,"7":1,"8":1,"9":1,"10":1,"11":1,"12":1,"13":1,"14":1,"15":1,"16":1,"17":1,"18":1,"19":1,"20":1,"21":1,"22":0,"23":0,"24":0,"25":0,"26":0,"27":2,"28":0,"29":0,"30":0,"31":0,"32":0,"33":0,"34":0,"35":0,"36":0,"37":0,"38":0,"39":0,"40":0,"41":0,"42":0,"43":0,"44":0,"45":0,"46":0,"47":0,"48":0,"49":0,"50":0,"51":0,"52":0,"53":0,"54":0,"55":0,"56":0,"57":0,"58":0,"59":0,"60":0,"61":0,"62":0},"f":{"0":1,"1":0,"2":0,"3":0,"4":0,"5":0,"6":0,"7":0,"8":0,"9":0,"10":0,"11":0,"12":0,"13":0,"14":0,"15":0,"16":0,"17":0},"b":{"0":[0,0],"1":[0],"2":[0,0],"3":[0,0],"4":[0,0],"5":[0,0],"6":[0,0],"7":[0,0,0],"8":[0,0]},"_coverageSchema":"1a1c01bbd47fc00a2c39e90264f33305004495a9","hash":"0c14811a723ee0428132e0a97a3a14fc60f63093"}
}
