TN:
SF:models/question.js
FN:9,(anonymous_0)
FN:21,init
FN:329,addQuestion
FN:330,(anonymous_3)
FN:339,checkAnswer
FN:354,exportQuestions
FNF:6
FNH:1
FNDA:0,(anonymous_0)
FNDA:2,init
FNDA:0,addQuestion
FNDA:0,(anonymous_3)
FNDA:0,checkAnswer
FNDA:0,exportQuestions
DA:2,0
DA:3,0
DA:4,0
DA:5,0
DA:6,0
DA:7,0
DA:10,0
DA:11,0
DA:12,0
DA:13,0
DA:14,0
DA:15,0
DA:19,2
DA:22,2
DA:326,2
DA:330,0
DA:331,0
DA:333,0
DA:334,0
DA:340,0
DA:341,0
DA:343,0
DA:344,0
DA:347,0
DA:348,0
DA:350,0
DA:355,0
LF:27
LH:3
BRDA:9,0,0,0
BRDA:22,1,0,0
BRDA:22,1,1,2
BRDA:330,2,0,0
BRDA:330,2,1,0
BRDA:343,3,0,0
BRDA:343,3,1,0
BRDA:347,4,0,0
BRDA:347,4,1,0
BRF:9
BRH:1
end_of_record
TN:
SF:models/room.js
FN:13,(anonymous_0)
FN:23,(anonymous_1)
FN:27,(anonymous_2)
FN:28,(anonymous_3)
FN:37,(anonymous_4)
FN:51,init
FN:162,addRoom
FN:163,(anonymous_7)
FN:173,deleteRoom
FN:174,(anonymous_9)
FN:183,exportRooms
FNF:11
FNH:1
FNDA:0,(anonymous_0)
FNDA:0,(anonymous_1)
FNDA:0,(anonymous_2)
FNDA:0,(anonymous_3)
FNDA:0,(anonymous_4)
FNDA:2,init
FNDA:0,addRoom
FNDA:0,(anonymous_7)
FNDA:0,deleteRoom
FNDA:0,(anonymous_9)
FNDA:0,exportRooms
DA:4,2
DA:6,0
DA:7,0
DA:8,0
DA:9,0
DA:10,0
DA:11,0
DA:14,0
DA:15,0
DA:16,0
DA:17,0
DA:18,0
DA:24,0
DA:28,0
DA:30,0
DA:31,0
DA:33,0
DA:38,0
DA:39,0
DA:40,0
DA:41,0
DA:44,0
DA:52,2
DA:159,2
DA:163,0
DA:164,0
DA:166,0
DA:167,0
DA:168,0
DA:169,0
DA:174,0
DA:175,0
DA:176,0
DA:177,0
DA:179,0
DA:184,0
DA:185,0
LF:37
LH:3
BRDA:30,0,0,0
BRDA:30,0,1,0
BRDA:39,1,0,0
BRDA:39,1,1,0
BRDA:52,2,0,0
BRDA:52,2,1,2
BRDA:163,3,0,0
BRDA:163,3,1,0
BRDA:175,4,0,0
BRDA:175,4,1,0
BRF:10
BRH:1
end_of_record
TN:
SF:models/user.js
FN:15,(anonymous_0)
FN:31,(anonymous_1)
FN:35,(anonymous_2)
FN:39,(anonymous_3)
FN:43,(anonymous_4)
FN:47,(anonymous_5)
FN:56,init
FN:158,generateId
FN:163,createUser
FN:183,login
FN:185,(anonymous_10)
FN:195,logout
FN:199,deleteUser
FN:200,(anonymous_13)
FN:210,getAge
FN:232,inSession
FN:237,userAuth
FN:241,exportAllUsers
FNF:18
FNH:1
FNDA:1,(anonymous_0)
FNDA:0,(anonymous_1)
FNDA:0,(anonymous_2)
FNDA:0,(anonymous_3)
FNDA:0,(anonymous_4)
FNDA:0,(anonymous_5)
FNDA:0,init
FNDA:0,generateId
FNDA:0,createUser
FNDA:0,login
FNDA:0,(anonymous_10)
FNDA:0,logout
FNDA:0,deleteUser
FNDA:0,(anonymous_13)
FNDA:0,getAge
FNDA:0,inSession
FNDA:0,userAuth
FNDA:0,exportAllUsers
DA:3,1
DA:4,1
DA:5,1
DA:6,1
DA:7,1
DA:8,1
DA:9,1
DA:10,1
DA:11,1
DA:12,1
DA:13,1
DA:16,1
DA:17,1
DA:18,1
DA:19,1
DA:20,1
DA:21,1
DA:22,1
DA:23,1
DA:25,1
DA:26,1
DA:27,1
DA:32,0
DA:36,0
DA:40,0
DA:44,0
DA:48,0
DA:53,2
DA:57,0
DA:153,0
DA:154,0
DA:159,0
DA:160,0
DA:173,0
DA:174,0
DA:176,0
DA:179,0
DA:184,0
DA:185,0
DA:187,0
DA:188,0
DA:189,0
DA:191,0
DA:196,0
DA:200,0
DA:201,0
DA:202,0
DA:203,0
DA:205,0
DA:211,0
DA:212,0
DA:214,0
DA:216,0
DA:217,0
DA:218,0
DA:219,0
DA:221,0
DA:225,0
DA:228,0
DA:233,0
DA:238,0
DA:242,0
LF:62
LH:23
BRDA:57,0,0,0
BRDA:57,0,1,0
BRDA:170,1,0,0
BRDA:173,2,0,0
BRDA:173,2,1,0
BRDA:185,3,0,0
BRDA:185,3,1,0
BRDA:187,4,0,0
BRDA:187,4,1,0
BRDA:201,5,0,0
BRDA:201,5,1,0
BRDA:221,6,0,0
BRDA:221,6,1,0
BRDA:222,7,0,0
BRDA:222,7,1,0
BRDA:222,7,2,0
BRDA:233,8,0,0
BRDA:233,8,1,0
BRF:18
BRH:0
end_of_record
